<?xml version="1.0" encoding="UTF-8"?>
<!-- Generated by org.testng.reporters.JUnitXMLReporter -->
<testsuite ignored="0" hostname="wishponds-MacBook-Pro.local" failures="1" tests="1" name="Surefire test" time="16.738" errors="0" timestamp="2023-06-20T21:55:46 IST">
  <testcase classname="com.learnautomation.testcases.LoginTest" name="loginToApp" time="12.856">
    <failure type="java.lang.AssertionError" message="Error messages is displayed as expected expected [true] but found [false]">
      <![CDATA[java.lang.AssertionError: Error messages is displayed as expected expected [true] but found [false]
at com.learnautomation.testcases.LoginTest.loginToApp(LoginTest.java:25)
at java.base/java.util.ArrayList.forEach(ArrayList.java:1511)
... Removed 33 stack frames]]>
    </failure>
  </testcase> <!-- loginToApp -->
</testsuite> <!-- Surefire test -->
